<?xml version="1.0" encoding="UTF-8"?>
<testng-results skipped="0" failed="0" total="2" passed="2">
  <reporter-output>
  </reporter-output>
  <suite name="Suite" duration-ms="27" started-at="2016-02-01T19:45:29Z" finished-at="2016-02-01T19:45:29Z">
    <groups>
    </groups>
    <test name="Test" duration-ms="27" started-at="2016-02-01T19:45:29Z" finished-at="2016-02-01T19:45:29Z">
      <class name="com.lexmark.mavnetest.testfirsttest">
        <test-method status="PASS" signature="test1()[pri:0, instance:com.lexmark.mavnetest.testfirsttest@36fcd774]" name="test1" duration-ms="10" started-at="2016-02-01T13:45:29Z" finished-at="2016-02-01T13:45:29Z">
          <reporter-output>
          </reporter-output>
        </test-method> <!-- test1 -->
        <test-method status="PASS" signature="test2()[pri:0, instance:com.lexmark.mavnetest.testfirsttest@36fcd774]" name="test2" duration-ms="1" started-at="2016-02-01T13:45:29Z" finished-at="2016-02-01T13:45:29Z">
          <reporter-output>
          </reporter-output>
        </test-method> <!-- test2 -->
      </class> <!-- com.lexmark.mavnetest.testfirsttest -->
    </test> <!-- Test -->
  </suite> <!-- Suite -->
</testng-results>
